<?xml version="1.0" encoding="UTF-8"?>
<!-- Generated by org.testng.reporters.JUnitReportReporter -->
<testsuite hostname="SG0623906349904" failures="0" tests="1" name="com.inetBanking.testCases.TC_LoginPage001" time="4.132" errors="0" timestamp="2024-08-08T12:57:13 IST" skipped="0">
  <testcase classname="com.inetBanking.testCases.TC_LoginPage001" name="loginTest" time="4.132"/>
</testsuite> <!-- com.inetBanking.testCases.TC_LoginPage001 -->
